<?xml version="1.0" encoding="UTF-8"?>
<testng-results ignored="0" total="1" passed="1" failed="0" skipped="0">
  <reporter-output>
  </reporter-output>
  <suite started-at="2024-07-11T10:58:13 IST" name="Default suite" finished-at="2024-07-11T10:58:16 IST" duration-ms="2378">
    <groups>
    </groups>
    <test started-at="2024-07-11T10:58:13 IST" name="Default test" finished-at="2024-07-11T10:58:16 IST" duration-ms="2378">
      <class name="tests.GetAndPostExamples">
        <test-method signature="testGet()[pri:0, instance:tests.GetAndPostExamples@71a8adcf]" started-at="2024-07-11T10:58:13 IST" name="testGet" finished-at="2024-07-11T10:58:16 IST" duration-ms="2332" status="PASS">
          <reporter-output>
          </reporter-output>
        </test-method> <!-- testGet -->
      </class> <!-- tests.GetAndPostExamples -->
    </test> <!-- Default test -->
  </suite> <!-- Default suite -->
</testng-results>
